58 silly runScriptSync preversion japackageone
59 silly runScriptSync version japackageone
60 silly addFile /home/josh/dev/allhomes-front-end/mytestlerna/packages/japackageone/package.json
61 silly runScriptSync postversion japackageone
62 silly runScriptSync prepublish japackageone
63 silly getExecOpts { cwd: '/home/josh/dev/allhomes-front-end/mytestlerna/packages/japackageone' }
64 error publish Publish failed japackageone npm ERR! code ENEEDAUTH
64 error publish npm ERR! need auth auth required for publishing
64 error publish npm ERR! need auth You need to authorize this machine using `npm adduser`
64 error publish
64 error publish npm ERR! A complete log of this run can be found in:
64 error publish npm ERR!     /home/josh/.npm/_logs/2017-12-08T02_49_15_328Z-debug.log
65 error publish Retrying failed publish: japackageone
66 silly getExecOpts { cwd: '/home/josh/dev/allhomes-front-end/mytestlerna/packages/japackageone' }
67 error publish Publish failed japackageone npm ERR! code ENEEDAUTH
67 error publish npm ERR! need auth auth required for publishing
67 error publish npm ERR! need auth You need to authorize this machine using `npm adduser`
67 error publish
67 error publish npm ERR! A complete log of this run can be found in:
67 error publish npm ERR!     /home/josh/.npm/_logs/2017-12-08T02_49_16_165Z-debug.log
68 error publish Retrying failed publish: japackageone
69 silly getExecOpts { cwd: '/home/josh/dev/allhomes-front-end/mytestlerna/packages/japackageone' }
70 error publish Publish failed japackageone npm ERR! code ENEEDAUTH
70 error publish npm ERR! need auth auth required for publishing
70 error publish npm ERR! need auth You need to authorize this machine using `npm adduser`
70 error publish
70 error publish npm ERR! A complete log of this run can be found in:
70 error publish npm ERR!     /home/josh/.npm/_logs/2017-12-08T02_49_17_021Z-debug.log
71 error publish Retrying failed publish: japackageone
72 silly getExecOpts { cwd: '/home/josh/dev/allhomes-front-end/mytestlerna/packages/japackageone' }
73 error publish Publish failed japackageone npm ERR! code ENEEDAUTH
73 error publish npm ERR! need auth auth required for publishing
73 error publish npm ERR! need auth You need to authorize this machine using `npm adduser`
73 error publish
73 error publish npm ERR! A complete log of this run can be found in:
73 error publish npm ERR!     /home/josh/.npm/_logs/2017-12-08T02_49_17_835Z-debug.log
74 error publish Retrying failed publish: japackageone
75 silly getExecOpts { cwd: '/home/josh/dev/allhomes-front-end/mytestlerna/packages/japackageone' }
76 error publish Publish failed japackageone npm ERR! code ENEEDAUTH
76 error publish npm ERR! need auth auth required for publishing
76 error publish npm ERR! need auth You need to authorize this machine using `npm adduser`
76 error publish
76 error publish npm ERR! A complete log of this run can be found in:
76 error publish npm ERR!     /home/josh/.npm/_logs/2017-12-08T02_49_18_649Z-debug.log
77 error execute callback with error
78 error Error: npm ERR! code ENEEDAUTH
78 error npm ERR! need auth auth required for publishing
78 error npm ERR! need auth You need to authorize this machine using `npm adduser`
78 error
78 error npm ERR! A complete log of this run can be found in:
78 error npm ERR!     /home/josh/.npm/_logs/2017-12-08T02_49_18_649Z-debug.log
78 error
78 error     at Function.module.exports.sync (/home/josh/dev/allhomes-front-end/mytestlerna/node_modules/execa/index.js:303:26)
78 error     at Function.execSync (/home/josh/dev/allhomes-front-end/mytestlerna/node_modules/lerna/lib/ChildProcessUtilities.js:59:30)
78 error     at run (/home/josh/dev/allhomes-front-end/mytestlerna/scripts/publish-command.js:255:56)
78 error     at run (/home/josh/dev/allhomes-front-end/mytestlerna/scripts/publish-command.js:272:11)
78 error     at run (/home/josh/dev/allhomes-front-end/mytestlerna/scripts/publish-command.js:272:11)
78 error     at run (/home/josh/dev/allhomes-front-end/mytestlerna/scripts/publish-command.js:272:11)
78 error     at run (/home/josh/dev/allhomes-front-end/mytestlerna/scripts/publish-command.js:272:11)
78 error     at PublishCommand.npmPublish (/home/josh/dev/allhomes-front-end/mytestlerna/scripts/publish-command.js:277:7)
78 error     at /home/josh/dev/allhomes-front-end/mytestlerna/scripts/publish-command.js:188:18
